<?xml version="1.0" encoding="UTF-8"?>
<testsuite xmlns:xsi="http://www.w3.org/2001/XMLSchema-instance" xsi:noNamespaceSchemaLocation="https://maven.apache.org/surefire/maven-surefire-plugin/xsd/surefire-test-report.xsd" version="3.0.1" name="TS_Servicenow_Navigation_JUnit" time="12.469" tests="1" errors="0" skipped="0" failures="0">
  <properties>
[...]
</properties>
  <testcase name="tc_bag_navigation_menu_home" classname="TS_Servicenow_Navigation_JUnit" time="6.869">
    <system-out><![CDATA[
&amp#27;[38;2;255;165;0m================================================================================&amp#27;[0m
&amp#27;[38;2;255;165;0mTest Suite: TS_Servicenow_Navigation_JUnit - 07/30/2024 01:47:09 PM - Begin&amp#27;[0m
&amp#27;[38;2;255;165;0mConfig Version: 1.6 - POM Version: 1.17 - Framework Version: 3.0.5&amp#27;[0m
&amp#27;[38;2;255;165;0m--------------------------------------------------------------------------------&amp#27;[0m

&amp#27;[0;90m- - - - - Synchronizing Browser and WebDriver - - - - - Begin
13:47:10.025 [main] DEBUG io.github.bonigarcia.wdm.WebDriverManager -- Using WebDriverManager 5.9.1
13:47:10.374 [main] DEBUG io.github.bonigarcia.wdm.cache.ResolutionCache -- Resolution chrome=126 in cache (valid until 14:27:53 30/07/2024 CAT)
13:47:10.379 [main] DEBUG io.github.bonigarcia.wdm.cache.ResolutionCache -- Resolution chrome126=126.0.6478.182 in cache (valid until 12:27:28 31/07/2024 CAT)
13:47:10.389 [main] INFO io.github.bonigarcia.wdm.WebDriverManager -- Using chromedriver 126.0.6478.182 (resolved driver for Chrome 126)
13:47:10.418 [main] DEBUG io.github.bonigarcia.wdm.WebDriverManager -- Driver chromedriver 126.0.6478.182 found in cache
13:47:10.418 [main] INFO io.github.bonigarcia.wdm.WebDriverManager -- Exporting webdriver.chrome.driver as /Users/niyomubyeyialine/.cache/selenium/chromedriver/mac-arm64/126.0.6478.182/chromedriver
&amp#27;[0;90m- - - - - Synchronizing Browser and WebDriver - - - - - End&amp#27;[0m

&amp#27;[0;34m - - - - Test Case: repetition 1 of 1 - 07/30/2024 01:47:15 PM - Begin - - -&amp#27;[0m
&amp#27;[38;2;0;128;1m[Pass] - Navigated to URL: 'https://www.servicenow.com/now-platform.html'.&amp#27;[0m
&amp#27;[38;2;0;128;1m[Pass] - PO_Home - Clicked locator: '//div[@id='truste-button-container']'.&amp#27;[0m
&amp#27;[38;2;0;128;1m[Pass] - PO_Home - Validated locator: '//img[@class='cmp-nav__logo-icon ']' exists.&amp#27;[0m
]]></system-out>
    <system-err><![CDATA[WARNING: A Java agent has been loaded dynamically (/Users/niyomubyeyialine/.m2/repository/net/bytebuddy/byte-buddy-agent/1.14.15/byte-buddy-agent-1.14.15.jar)
WARNING: If a serviceability tool is in use, please run with -XX:+EnableDynamicAgentLoading to hide this warning
WARNING: If a serviceability tool is not in use, please run with -Djdk.instrument.traceUsage for more information
WARNING: Dynamic loading of agents will be disallowed by default in a future release
]]></system-err>
  </testcase>
</testsuite>